#-----------------------------------------------------------
# PlanAhead v14.7 (64-bit)
# Build 321239 by xbuild on Fri Sep 27 19:29:51 MDT 2013
# Start of session at: Tue Jul 19 15:48:26 2016
# Process ID: 8340
# Log file: E:/nes/s1/proj/txrx/planAhead_run_1/planAhead.log
# Journal file: E:/nes/s1/proj/txrx/planAhead_run_1/planAhead.jou
#-----------------------------------------------------------
INFO: [Common 17-78] Attempting to get a license: PlanAhead
INFO: [Common 17-290] Got license for PlanAhead
INFO: [Device 21-36] Loading parts and site information from C:/Xilinx/14.7/ISE_DS/PlanAhead/data/parts/arch.xml
Parsing RTL primitives file [C:/Xilinx/14.7/ISE_DS/PlanAhead/data/parts/xilinx/rtl/prims/rtl_prims.xml]
Finished parsing RTL primitives file [C:/Xilinx/14.7/ISE_DS/PlanAhead/data/parts/xilinx/rtl/prims/rtl_prims.xml]
start_gui
source E:/nes/s1/proj/txrx/pa.fromHdl.tcl
# create_project -name txrx -dir "E:/nes/s1/proj/txrx/planAhead_run_1" -part xc6slx9tqg144-2
# set_param project.pinAheadLayout yes
# set srcset [get_property srcset [current_run -impl]]
# set_property target_constrs_file "txrx.ucf" [current_fileset -constrset]
Adding file 'E:/nes/s1/proj/txrx/txrx.ucf' to fileset 'constrs_1'
# set hdlfile [add_files [list {cy_tx.v}]]
# set_property file_type Verilog $hdlfile
# set_property library work $hdlfile
# set hdlfile [add_files [list {txrx.v}]]
# set_property file_type Verilog $hdlfile
# set_property library work $hdlfile
# set_property top txrx $srcset
# add_files [list {txrx.ucf}] -fileset [get_property constrset [current_run]]
# open_rtl_design -part xc6slx9tqg144-2
Using Verific elaboration
Parsing VHDL file "C:/Xilinx/14.7/ISE_DS/PlanAhead/data/parts/xilinx/rtl/lib/synplify/synattr.vhd" into library synplify
Analyzing Verilog file "E:/nes/s1/proj/txrx/cy_tx.v" into library work
Analyzing Verilog file "E:/nes/s1/proj/txrx/txrx.v" into library work
Loading clock regions from C:/Xilinx/14.7/ISE_DS/PlanAhead/data\parts/xilinx/spartan6/spartan6lx/xc6slx9/ClockRegion.xml
Loading clock buffers from C:/Xilinx/14.7/ISE_DS/PlanAhead/data\parts/xilinx/spartan6/spartan6lx/xc6slx9/ClockBuffers.xml
Loading package pin functions from C:/Xilinx/14.7/ISE_DS/PlanAhead/data\parts/xilinx/spartan6/PinFunctions.xml...
Loading package from C:/Xilinx/14.7/ISE_DS/PlanAhead/data\parts/xilinx/spartan6/spartan6lx/xc6slx9/tqg144/Package.xml
Loading io standards from C:/Xilinx/14.7/ISE_DS/PlanAhead/data\./parts/xilinx/spartan6/IOStandards.xml
Loading device configuration modes from C:/Xilinx/14.7/ISE_DS/PlanAhead/data\parts/xilinx/spartan6/ConfigModes.xml
Loading list of drcs for the architecture : C:/Xilinx/14.7/ISE_DS/PlanAhead/data\./parts/xilinx/spartan6/drc.xml
Parsing UCF File [E:/nes/s1/proj/txrx/txrx.ucf]
Finished Parsing UCF File [E:/nes/s1/proj/txrx/txrx.ucf]
INFO: [Project 1-111] Unisim Transformation Summary:
No Unisim elements were transformed.

Phase 0 | Netlist Checksum: 54bf2162
open_rtl_design: Time (s): elapsed = 00:00:10 . Memory (MB): peak = 664.723 ; gain = 151.438
update_compile_order -fileset sim_1
startgroup
set_property package_pin P7 [get_ports rx]
endgroup
startgroup
set_property package_pin P6 [get_ports tx]
endgroup
startgroup
set_property package_pin P87 [get_ports rst_n]
endgroup
set_property pulltype PULLUP [get_ports [list rst_n]]
set_property iostandard LVCMOS33 [get_ports [list rst_n]]
set_property iostandard LVCMOS33 [get_ports [list rx]]
set_property iostandard LVCMOS33 [get_ports [list tx]]
set_property iostandard LVCMOS33 [get_ports [list clk]]
startgroup
set_property package_pin P123 [get_ports clk]
endgroup
save_constraints
exit
ERROR: [PlanAhead 12-106] *** Exception: ui.h.b: Found deleted key in HTclEventBroker. Verify if the classes listed here call cleanup()
HTclEvent: SIGNAL_BUS_MODIFY   Classes: ui.views.aR 
HTclEvent: DEBUG_PORT_CONFIG_CHANGE   Classes: ui.views.aR 
HTclEvent: SIGNAL_MODIFY   Classes: ui.views.aR 
HTclEvent: DEBUG_CORE_CONFIG_CHANGE   Classes: ui.views.aR 
 (See E:/nes/s1/proj/txrx\planAhead_pid8340.debug)
ERROR: [Common 17-39] 'stop_gui' failed due to earlier errors.
INFO: [Common 17-206] Exiting PlanAhead at Tue Jul 19 15:51:58 2016...
INFO: [Common 17-83] Releasing license: PlanAhead
